\BOOKMARK [0][-]{chapter.1}{Chapter 1. Category Theory}{}% 1
\BOOKMARK [1][-]{section.1.1}{1. Categories and Functors}{chapter.1}% 2
\BOOKMARK [1][-]{section.1.2}{2. Further Examples}{chapter.1}% 3
\BOOKMARK [0][-]{chapter.2}{Chapter 2. Algebra}{}% 4
\BOOKMARK [1][-]{section.2.1}{1. Ring Completion}{chapter.2}% 5
\BOOKMARK [1][-]{section.2.2}{2. Packing Together Modules}{chapter.2}% 6
\BOOKMARK [1][-]{section.2.3}{3. Verifications}{chapter.2}% 7
\BOOKMARK [0][-]{chapter.3}{Chapter 3. Topology}{}% 8
\BOOKMARK [1][-]{section.3.1}{1. The Category of Topological Spaces}{chapter.3}% 9
\BOOKMARK [1][-]{section.3.2}{2. Some Mappings and Corresponding Topologies}{chapter.3}% 10
\BOOKMARK [1][-]{section.3.3}{3. Nice Properties of Topological Objects}{chapter.3}% 11
\BOOKMARK [1][-]{section.3.4}{4. Operations on Topological Spaces}{chapter.3}% 12
\BOOKMARK [1][-]{section.3.5}{5. More Topology}{chapter.3}% 13
\BOOKMARK [1][-]{section.3.6}{6. Homotopy}{chapter.3}% 14
\BOOKMARK [1][-]{section.3.7}{7. Appendix}{chapter.3}% 15
\BOOKMARK [0][-]{chapter.4}{Chapter 4. Vector Bundles}{}% 16
\BOOKMARK [1][-]{section.4.1}{1. Definition and Examples}{chapter.4}% 17
\BOOKMARK [1][-]{section.4.2}{2. Direct Sum and Tensor Product on Vector Bundles}{chapter.4}% 18
\BOOKMARK [1][-]{section.4.3}{3. Pullback Bundles}{chapter.4}% 19
\BOOKMARK [1][-]{section.4.4}{4. Necessary Results on Vector Bundles}{chapter.4}% 20
\BOOKMARK [1][-]{section.4.5}{5. Verifications}{chapter.4}% 21
\BOOKMARK [0][-]{chapter.5}{Chapter 5. The Definition of K-Theory}{}% 22
\BOOKMARK [1][-]{section.5.1}{1. The K-Theory Functor K}{chapter.5}% 23
\BOOKMARK [1][-]{section.5.2}{2. The Reduced K-Theory Functor K"0365K}{chapter.5}% 24
\BOOKMARK [1][-]{section.5.3}{3. Verifications}{chapter.5}% 25
\BOOKMARK [0][-]{chapter.6}{Chapter 6. K-Theory as a Cohomology Theory}{}% 26
\BOOKMARK [1][-]{section.6.1}{1. Exact Sequences}{chapter.6}% 27
\BOOKMARK [1][-]{section.6.2}{2. Exact Sequences in K-Theory}{chapter.6}% 28
\BOOKMARK [1][-]{section.6.3}{3. K-Theory as a Cohomology Theory}{chapter.6}% 29
\BOOKMARK [1][-]{section.6.4}{4. Further Structure on the Cohomology Theory}{chapter.6}% 30
\BOOKMARK [0][-]{chapter.7}{Chapter 7. Division Algebra Application}{}% 31
\BOOKMARK [1][-]{section.7.1}{1. The odd case}{chapter.7}% 32
\BOOKMARK [1][-]{section.7.2}{2. The even case}{chapter.7}% 33
\BOOKMARK [0][-]{chapter*.22}{Bibliography}{}% 34
