\BOOKMARK [0][-]{chapter.1}{Chapter 1. Category Theory}{}% 1
\BOOKMARK [0][-]{chapter.2}{Chapter 2. Algebra}{}% 2
\BOOKMARK [1][-]{section.2.1}{1. Ring Completion}{chapter.2}% 3
\BOOKMARK [1][-]{section.2.2}{2. Packing Together Modules}{chapter.2}% 4
\BOOKMARK [1][-]{section.2.3}{3. Verifications}{chapter.2}% 5
\BOOKMARK [0][-]{chapter.3}{Chapter 3. Topology}{}% 6
\BOOKMARK [1][-]{section.3.1}{1. The Category of Topological Spaces}{chapter.3}% 7
\BOOKMARK [1][-]{section.3.2}{2. Some Mappings and Corresponding Topologies}{chapter.3}% 8
\BOOKMARK [1][-]{section.3.3}{3. Nice Properties of Topological Objects}{chapter.3}% 9
\BOOKMARK [1][-]{section.3.4}{4. Operations on Topological Spaces}{chapter.3}% 10
\BOOKMARK [1][-]{section.3.5}{5. More Topology}{chapter.3}% 11
\BOOKMARK [1][-]{section.3.6}{6. Homotopy}{chapter.3}% 12
\BOOKMARK [1][-]{section.3.7}{7. Appendix}{chapter.3}% 13
\BOOKMARK [0][-]{chapter.4}{Chapter 4. Vector Bundles}{}% 14
\BOOKMARK [1][-]{section.4.1}{1. Definition and Examples}{chapter.4}% 15
\BOOKMARK [1][-]{section.4.2}{2. Direct Sum and Tensor Product on Vector Bundles}{chapter.4}% 16
\BOOKMARK [1][-]{section.4.3}{3. Pullback Bundles}{chapter.4}% 17
\BOOKMARK [1][-]{section.4.4}{4. Necessary Results on Vector Bundles}{chapter.4}% 18
\BOOKMARK [1][-]{section.4.5}{5. Verifications}{chapter.4}% 19
\BOOKMARK [0][-]{chapter.5}{Chapter 5. The Definition of K-Theory}{}% 20
\BOOKMARK [1][-]{section.5.1}{1. The K-Theory Functor K}{chapter.5}% 21
\BOOKMARK [1][-]{section.5.2}{2. The Reduced K-Theory Functor K"0365K}{chapter.5}% 22
\BOOKMARK [1][-]{section.5.3}{3. Verifications}{chapter.5}% 23
\BOOKMARK [0][-]{chapter*.17}{Bibliography}{}% 24
