\BOOKMARK [1][-]{section.1}{1. Category Theory}{}% 1
\BOOKMARK [1][-]{section.2}{2. Algebra}{}% 2
\BOOKMARK [2][-]{subsection.2.1}{2.1. Ring Completion}{section.2}% 3
\BOOKMARK [2][-]{subsection.2.2}{2.2. Packing together Modules}{section.2}% 4
\BOOKMARK [1][-]{section.3}{3. Topology}{}% 5
\BOOKMARK [2][-]{subsection.3.1}{3.1. Basic Definitions}{section.3}% 6
\BOOKMARK [2][-]{subsection.3.2}{3.2. Category of Topological Spaces}{section.3}% 7
\BOOKMARK [2][-]{subsection.3.3}{3.3. Mappings in Topology}{section.3}% 8
\BOOKMARK [2][-]{subsection.3.4}{3.4. Operations on Topological Spaces}{section.3}% 9
\BOOKMARK [2][-]{subsection.3.5}{3.5. More Topology}{section.3}% 10
\BOOKMARK [2][-]{subsection.3.6}{3.6. Homotopy Things}{section.3}% 11
\BOOKMARK [2][-]{subsection.3.7}{3.7. Appendix}{section.3}% 12
\BOOKMARK [1][-]{section.4}{4. Vector Bundles}{}% 13
\BOOKMARK [2][-]{subsection.4.1}{4.1. Basic Definition and Examples}{section.4}% 14
\BOOKMARK [2][-]{subsection.4.2}{4.2. Category Theory of Vector Bundles}{section.4}% 15
\BOOKMARK [2][-]{subsection.4.3}{4.3. Necessary Results on Vector Bundles}{section.4}% 16
\BOOKMARK [1][-]{section.5}{5. Definition of K-Theory}{}% 17
\BOOKMARK [2][-]{subsection.5.1}{5.1. The K-Theory Functor K}{section.5}% 18
\BOOKMARK [2][-]{subsection.5.2}{5.2. The Reduced K-Theory Functor K"0365K}{section.5}% 19
\BOOKMARK [2][-]{subsection.5.3}{5.3. Notation}{section.5}% 20
\BOOKMARK [1][-]{section.6}{6. K-Theory as a cohomomology theory}{}% 21
\BOOKMARK [2][-]{subsection.6.1}{6.1. Exact Sequences}{section.6}% 22
\BOOKMARK [2][-]{subsection.6.2}{6.2. Extending to a cohomology theory}{section.6}% 23
\BOOKMARK [2][-]{subsection.6.3}{6.3. Patterns of K-Theory}{section.6}% 24
\BOOKMARK [1][-]{section.7}{7. Division Algebra Application}{}% 25
\BOOKMARK [2][-]{subsection.7.1}{7.1. Division Algebras and Paralizable Spheres}{section.7}% 26
\BOOKMARK [2][-]{subsection.7.2}{7.2. Even Case}{section.7}% 27
\BOOKMARK [2][-]{subsection.7.3}{7.3. Odd Case}{section.7}% 28
\BOOKMARK [1][-]{section.8}{8. Overall Themes and Ideas}{}% 29
